  CALL    scripts/checksyscalls.sh
  INSTALL /home/vagrant/pine64_linux/modules/lib/modules/6.1.47/kernel/arch/arm64/crypto/aes-neon-blk.ko
  INSTALL /home/vagrant/pine64_linux/modules/lib/modules/6.1.47/kernel/arch/arm64/crypto/aes-neon-bs.ko
  INSTALL /home/vagrant/pine64_linux/modules/lib/modules/6.1.47/kernel/arch/arm64/crypto/chacha-neon.ko
  INSTALL /home/vagrant/pine64_linux/modules/lib/modules/6.1.47/kernel/arch/arm64/crypto/crct10dif-ce.ko
  INSTALL /home/vagrant/pine64_linux/modules/lib/modules/6.1.47/kernel/arch/arm64/crypto/sha3-ce.ko
  INSTALL /home/vagrant/pine64_linux/modules/lib/modules/6.1.47/kernel/arch/arm64/crypto/sha512-arm64.ko
  INSTALL /home/vagrant/pine64_linux/modules/lib/modules/6.1.47/kernel/arch/arm64/crypto/sha512-ce.ko
  INSTALL /home/vagrant/pine64_linux/modules/lib/modules/6.1.47/kernel/arch/arm64/crypto/sm3-ce.ko
  INSTALL /home/vagrant/pine64_linux/modules/lib/modules/6.1.47/kernel/arch/arm64/lib/xor-neon.ko
  INSTALL /home/vagrant/pine64_linux/modules/lib/modules/6.1.47/kernel/crypto/af_alg.ko
  INSTALL /home/vagrant/pine64_linux/modules/lib/modules/6.1.47/kernel/crypto/algif_rng.ko
  INSTALL /home/vagrant/pine64_linux/modules/lib/modules/6.1.47/kernel/crypto/authenc.ko
  INSTALL /home/vagrant/pine64_linux/modules/lib/modules/6.1.47/kernel/crypto/authencesn.ko
  INSTALL /home/vagrant/pine64_linux/modules/lib/modules/6.1.47/kernel/crypto/blake2b_generic.ko
  INSTALL /home/vagrant/pine64_linux/modules/lib/modules/6.1.47/kernel/crypto/cbc.ko
  INSTALL /home/vagrant/pine64_linux/modules/lib/modules/6.1.47/kernel/crypto/ccm.ko
  INSTALL /home/vagrant/pine64_linux/modules/lib/modules/6.1.47/kernel/crypto/cmac.ko
  INSTALL /home/vagrant/pine64_linux/modules/lib/modules/6.1.47/kernel/crypto/crypto_engine.ko
  INSTALL /home/vagrant/pine64_linux/modules/lib/modules/6.1.47/kernel/crypto/ctr.ko
  INSTALL /home/vagrant/pine64_linux/modules/lib/modules/6.1.47/kernel/crypto/curve25519-generic.ko
  INSTALL /home/vagrant/pine64_linux/modules/lib/modules/6.1.47/kernel/crypto/des_generic.ko
  INSTALL /home/vagrant/pine64_linux/modules/lib/modules/6.1.47/kernel/crypto/dh_generic.ko
  INSTALL /home/vagrant/pine64_linux/modules/lib/modules/6.1.47/kernel/crypto/ecb.ko
  INSTALL /home/vagrant/pine64_linux/modules/lib/modules/6.1.47/kernel/crypto/ecc.ko
  INSTALL /home/vagrant/pine64_linux/modules/lib/modules/6.1.47/kernel/crypto/ecdh_generic.ko
  INSTALL /home/vagrant/pine64_linux/modules/lib/modules/6.1.47/kernel/crypto/gcm.ko
  INSTALL /home/vagrant/pine64_linux/modules/lib/modules/6.1.47/kernel/crypto/ghash-generic.ko
  INSTALL /home/vagrant/pine64_linux/modules/lib/modules/6.1.47/kernel/crypto/md5.ko
  INSTALL /home/vagrant/pine64_linux/modules/lib/modules/6.1.47/kernel/crypto/michael_mic.ko
  INSTALL /home/vagrant/pine64_linux/modules/lib/modules/6.1.47/kernel/crypto/sha256_generic.ko
  INSTALL /home/vagrant/pine64_linux/modules/lib/modules/6.1.47/kernel/crypto/sha3_generic.ko
  INSTALL /home/vagrant/pine64_linux/modules/lib/modules/6.1.47/kernel/crypto/sm3.ko
  INSTALL /home/vagrant/pine64_linux/modules/lib/modules/6.1.47/kernel/crypto/sm3_generic.ko
  INSTALL /home/vagrant/pine64_linux/modules/lib/modules/6.1.47/kernel/crypto/sm4.ko
  INSTALL /home/vagrant/pine64_linux/modules/lib/modules/6.1.47/kernel/crypto/sm4_generic.ko
  INSTALL /home/vagrant/pine64_linux/modules/lib/modules/6.1.47/kernel/crypto/xor.ko
  INSTALL /home/vagrant/pine64_linux/modules/lib/modules/6.1.47/kernel/crypto/xts.ko
  INSTALL /home/vagrant/pine64_linux/modules/lib/modules/6.1.47/kernel/crypto/xxhash_generic.ko
  INSTALL /home/vagrant/pine64_linux/modules/lib/modules/6.1.47/kernel/drivers/base/regmap/regmap-sdw.ko
  INSTALL /home/vagrant/pine64_linux/modules/lib/modules/6.1.47/kernel/drivers/base/regmap/regmap-slimbus.ko
  INSTALL /home/vagrant/pine64_linux/modules/lib/modules/6.1.47/kernel/drivers/base/regmap/regmap-spmi.ko
  INSTALL /home/vagrant/pine64_linux/modules/lib/modules/6.1.47/kernel/drivers/block/nbd.ko
  INSTALL /home/vagrant/pine64_linux/modules/lib/modules/6.1.47/kernel/drivers/bus/mhi/host/mhi.ko
  INSTALL /home/vagrant/pine64_linux/modules/lib/modules/6.1.47/kernel/drivers/char/hw_random/arm_smccc_trng.ko
  INSTALL /home/vagrant/pine64_linux/modules/lib/modules/6.1.47/kernel/drivers/char/hw_random/cn10k-rng.ko
  INSTALL /home/vagrant/pine64_linux/modules/lib/modules/6.1.47/kernel/drivers/char/hw_random/optee-rng.ko
  INSTALL /home/vagrant/pine64_linux/modules/lib/modules/6.1.47/kernel/drivers/char/hw_random/rng-core.ko
  INSTALL /home/vagrant/pine64_linux/modules/lib/modules/6.1.47/kernel/drivers/char/ipmi/ipmi_devintf.ko
  INSTALL /home/vagrant/pine64_linux/modules/lib/modules/6.1.47/kernel/drivers/char/ipmi/ipmi_msghandler.ko
  INSTALL /home/vagrant/pine64_linux/modules/lib/modules/6.1.47/kernel/drivers/char/ipmi/ipmi_si.ko
  INSTALL /home/vagrant/pine64_linux/modules/lib/modules/6.1.47/kernel/drivers/clk/clk-bd718x7.ko
  INSTALL /home/vagrant/pine64_linux/modules/lib/modules/6.1.47/kernel/drivers/cpufreq/cpufreq_conservative.ko
  INSTALL /home/vagrant/pine64_linux/modules/lib/modules/6.1.47/kernel/drivers/cpufreq/cpufreq_powersave.ko
  INSTALL /home/vagrant/pine64_linux/modules/lib/modules/6.1.47/kernel/drivers/cpufreq/sun50i-cpufreq-nvmem.ko
  INSTALL /home/vagrant/pine64_linux/modules/lib/modules/6.1.47/kernel/drivers/crypto/allwinner/sun8i-ce/sun8i-ce.ko
  INSTALL /home/vagrant/pine64_linux/modules/lib/modules/6.1.47/kernel/drivers/crypto/amlogic/amlogic-gxl-crypto.ko
  INSTALL /home/vagrant/pine64_linux/modules/lib/modules/6.1.47/kernel/drivers/crypto/ccree/ccree.ko
  INSTALL /home/vagrant/pine64_linux/modules/lib/modules/6.1.47/kernel/drivers/devfreq/governor_userspace.ko
  INSTALL /home/vagrant/pine64_linux/modules/lib/modules/6.1.47/kernel/drivers/dma/bcm-sba-raid.ko
  INSTALL /home/vagrant/pine64_linux/modules/lib/modules/6.1.47/kernel/drivers/dma/sun6i-dma.ko
  INSTALL /home/vagrant/pine64_linux/modules/lib/modules/6.1.47/kernel/drivers/extcon/extcon-ptn5150.ko
  INSTALL /home/vagrant/pine64_linux/modules/lib/modules/6.1.47/kernel/drivers/fpga/altera-cvp.ko
  INSTALL /home/vagrant/pine64_linux/modules/lib/modules/6.1.47/kernel/drivers/fpga/altera-freeze-bridge.ko
  INSTALL /home/vagrant/pine64_linux/modules/lib/modules/6.1.47/kernel/drivers/fpga/fpga-bridge.ko
  INSTALL /home/vagrant/pine64_linux/modules/lib/modules/6.1.47/kernel/drivers/fpga/fpga-region.ko
  INSTALL /home/vagrant/pine64_linux/modules/lib/modules/6.1.47/kernel/drivers/fpga/of-fpga-region.ko
  INSTALL /home/vagrant/pine64_linux/modules/lib/modules/6.1.47/kernel/drivers/gnss/gnss-mtk.ko
  INSTALL /home/vagrant/pine64_linux/modules/lib/modules/6.1.47/kernel/drivers/gnss/gnss-serial.ko
  INSTALL /home/vagrant/pine64_linux/modules/lib/modules/6.1.47/kernel/drivers/gnss/gnss.ko
  INSTALL /home/vagrant/pine64_linux/modules/lib/modules/6.1.47/kernel/drivers/gpio/gpio-altera.ko
  INSTALL /home/vagrant/pine64_linux/modules/lib/modules/6.1.47/kernel/drivers/gpio/gpio-bd9571mwv.ko
  INSTALL /home/vagrant/pine64_linux/modules/lib/modules/6.1.47/kernel/drivers/gpio/gpio-wcd934x.ko
  INSTALL /home/vagrant/pine64_linux/modules/lib/modules/6.1.47/kernel/drivers/gpu/drm/arm/display/komeda/komeda.ko
  INSTALL /home/vagrant/pine64_linux/modules/lib/modules/6.1.47/kernel/drivers/gpu/drm/arm/hdlcd.ko
  INSTALL /home/vagrant/pine64_linux/modules/lib/modules/6.1.47/kernel/drivers/gpu/drm/arm/mali-dp.ko
  INSTALL /home/vagrant/pine64_linux/modules/lib/modules/6.1.47/kernel/drivers/gpu/drm/bridge/adv7511/adv7511.ko
  INSTALL /home/vagrant/pine64_linux/modules/lib/modules/6.1.47/kernel/drivers/gpu/drm/bridge/cadence/cdns-mhdp8546.ko
  INSTALL /home/vagrant/pine64_linux/modules/lib/modules/6.1.47/kernel/drivers/gpu/drm/bridge/display-connector.ko
  INSTALL /home/vagrant/pine64_linux/modules/lib/modules/6.1.47/kernel/drivers/gpu/drm/bridge/lontium-lt8912b.ko
  INSTALL /home/vagrant/pine64_linux/modules/lib/modules/6.1.47/kernel/drivers/gpu/drm/bridge/lontium-lt9611.ko
  INSTALL /home/vagrant/pine64_linux/modules/lib/modules/6.1.47/kernel/drivers/gpu/drm/bridge/lontium-lt9611uxc.ko
  INSTALL /home/vagrant/pine64_linux/modules/lib/modules/6.1.47/kernel/drivers/gpu/drm/bridge/nwl-dsi.ko
  INSTALL /home/vagrant/pine64_linux/modules/lib/modules/6.1.47/kernel/drivers/gpu/drm/bridge/parade-ps8640.ko
  INSTALL /home/vagrant/pine64_linux/modules/lib/modules/6.1.47/kernel/drivers/gpu/drm/bridge/sii902x.ko
  INSTALL /home/vagrant/pine64_linux/modules/lib/modules/6.1.47/kernel/drivers/gpu/drm/bridge/simple-bridge.ko
  INSTALL /home/vagrant/pine64_linux/modules/lib/modules/6.1.47/kernel/drivers/gpu/drm/bridge/synopsys/dw-hdmi-ahb-audio.ko
  INSTALL /home/vagrant/pine64_linux/modules/lib/modules/6.1.47/kernel/drivers/gpu/drm/bridge/synopsys/dw-hdmi-cec.ko
  INSTALL /home/vagrant/pine64_linux/modules/lib/modules/6.1.47/kernel/drivers/gpu/drm/bridge/synopsys/dw-hdmi-i2s-audio.ko
  INSTALL /home/vagrant/pine64_linux/modules/lib/modules/6.1.47/kernel/drivers/gpu/drm/bridge/synopsys/dw-hdmi.ko
  INSTALL /home/vagrant/pine64_linux/modules/lib/modules/6.1.47/kernel/drivers/gpu/drm/bridge/thc63lvd1024.ko
  INSTALL /home/vagrant/pine64_linux/modules/lib/modules/6.1.47/kernel/drivers/gpu/drm/bridge/ti-sn65dsi86.ko
  INSTALL /home/vagrant/pine64_linux/modules/lib/modules/6.1.47/kernel/drivers/gpu/drm/display/drm_display_helper.ko
  INSTALL /home/vagrant/pine64_linux/modules/lib/modules/6.1.47/kernel/drivers/gpu/drm/display/drm_dp_aux_bus.ko
  INSTALL /home/vagrant/pine64_linux/modules/lib/modules/6.1.47/kernel/drivers/gpu/drm/drm.ko
  INSTALL /home/vagrant/pine64_linux/modules/lib/modules/6.1.47/kernel/drivers/gpu/drm/drm_dma_helper.ko
  INSTALL /home/vagrant/pine64_linux/modules/lib/modules/6.1.47/kernel/drivers/gpu/drm/drm_kms_helper.ko
  INSTALL /home/vagrant/pine64_linux/modules/lib/modules/6.1.47/kernel/drivers/gpu/drm/drm_panel_orientation_quirks.ko
  INSTALL /home/vagrant/pine64_linux/modules/lib/modules/6.1.47/kernel/drivers/gpu/drm/drm_shmem_helper.ko
  INSTALL /home/vagrant/pine64_linux/modules/lib/modules/6.1.47/kernel/drivers/gpu/drm/drm_ttm_helper.ko
  INSTALL /home/vagrant/pine64_linux/modules/lib/modules/6.1.47/kernel/drivers/gpu/drm/drm_vram_helper.ko
  INSTALL /home/vagrant/pine64_linux/modules/lib/modules/6.1.47/kernel/drivers/gpu/drm/etnaviv/etnaviv.ko
  INSTALL /home/vagrant/pine64_linux/modules/lib/modules/6.1.47/kernel/drivers/gpu/drm/hisilicon/hibmc/hibmc-drm.ko
  INSTALL /home/vagrant/pine64_linux/modules/lib/modules/6.1.47/kernel/drivers/gpu/drm/hisilicon/kirin/dw_drm_dsi.ko
  INSTALL /home/vagrant/pine64_linux/modules/lib/modules/6.1.47/kernel/drivers/gpu/drm/hisilicon/kirin/kirin-drm.ko
  INSTALL /home/vagrant/pine64_linux/modules/lib/modules/6.1.47/kernel/drivers/gpu/drm/i2c/ch7006.ko
  INSTALL /home/vagrant/pine64_linux/modules/lib/modules/6.1.47/kernel/drivers/gpu/drm/i2c/sil164.ko
  INSTALL /home/vagrant/pine64_linux/modules/lib/modules/6.1.47/kernel/drivers/gpu/drm/i2c/tda998x.ko
  INSTALL /home/vagrant/pine64_linux/modules/lib/modules/6.1.47/kernel/drivers/gpu/drm/lima/lima.ko
  INSTALL /home/vagrant/pine64_linux/modules/lib/modules/6.1.47/kernel/drivers/gpu/drm/nouveau/nouveau.ko
  INSTALL /home/vagrant/pine64_linux/modules/lib/modules/6.1.47/kernel/drivers/gpu/drm/panel/panel-boe-tv101wum-nl6.ko
  INSTALL /home/vagrant/pine64_linux/modules/lib/modules/6.1.47/kernel/drivers/gpu/drm/panel/panel-edp.ko
  INSTALL /home/vagrant/pine64_linux/modules/lib/modules/6.1.47/kernel/drivers/gpu/drm/panel/panel-lvds.ko
  INSTALL /home/vagrant/pine64_linux/modules/lib/modules/6.1.47/kernel/drivers/gpu/drm/panel/panel-mantix-mlaf057we51.ko
  INSTALL /home/vagrant/pine64_linux/modules/lib/modules/6.1.47/kernel/drivers/gpu/drm/panel/panel-raydium-rm67191.ko
  INSTALL /home/vagrant/pine64_linux/modules/lib/modules/6.1.47/kernel/drivers/gpu/drm/panel/panel-simple.ko
  INSTALL /home/vagrant/pine64_linux/modules/lib/modules/6.1.47/kernel/drivers/gpu/drm/panel/panel-sitronix-st7703.ko
  INSTALL /home/vagrant/pine64_linux/modules/lib/modules/6.1.47/kernel/drivers/gpu/drm/panel/panel-truly-nt35597.ko
  INSTALL /home/vagrant/pine64_linux/modules/lib/modules/6.1.47/kernel/drivers/gpu/drm/panfrost/panfrost.ko
  INSTALL /home/vagrant/pine64_linux/modules/lib/modules/6.1.47/kernel/drivers/gpu/drm/pl111/pl111_drm.ko
  INSTALL /home/vagrant/pine64_linux/modules/lib/modules/6.1.47/kernel/drivers/gpu/drm/rcar-du/rcar_dw_hdmi.ko
  INSTALL /home/vagrant/pine64_linux/modules/lib/modules/6.1.47/kernel/drivers/gpu/drm/scheduler/gpu-sched.ko
  INSTALL /home/vagrant/pine64_linux/modules/lib/modules/6.1.47/kernel/drivers/gpu/drm/sun4i/sun4i-drm.ko
  INSTALL /home/vagrant/pine64_linux/modules/lib/modules/6.1.47/kernel/drivers/gpu/drm/sun4i/sun4i-tcon.ko
  INSTALL /home/vagrant/pine64_linux/modules/lib/modules/6.1.47/kernel/drivers/gpu/drm/sun4i/sun4i_tv.ko
  INSTALL /home/vagrant/pine64_linux/modules/lib/modules/6.1.47/kernel/drivers/gpu/drm/sun4i/sun6i_drc.ko
  INSTALL /home/vagrant/pine64_linux/modules/lib/modules/6.1.47/kernel/drivers/gpu/drm/sun4i/sun6i_mipi_dsi.ko
  INSTALL /home/vagrant/pine64_linux/modules/lib/modules/6.1.47/kernel/drivers/gpu/drm/sun4i/sun8i-drm-hdmi.ko
  INSTALL /home/vagrant/pine64_linux/modules/lib/modules/6.1.47/kernel/drivers/gpu/drm/sun4i/sun8i-mixer.ko
  INSTALL /home/vagrant/pine64_linux/modules/lib/modules/6.1.47/kernel/drivers/gpu/drm/sun4i/sun8i_tcon_top.ko
  INSTALL /home/vagrant/pine64_linux/modules/lib/modules/6.1.47/kernel/drivers/gpu/drm/tidss/tidss.ko
  INSTALL /home/vagrant/pine64_linux/modules/lib/modules/6.1.47/kernel/drivers/gpu/drm/ttm/ttm.ko
  INSTALL /home/vagrant/pine64_linux/modules/lib/modules/6.1.47/kernel/drivers/hid/hid-multitouch.ko
  INSTALL /home/vagrant/pine64_linux/modules/lib/modules/6.1.47/kernel/drivers/hid/i2c-hid/i2c-hid-of.ko
  INSTALL /home/vagrant/pine64_linux/modules/lib/modules/6.1.47/kernel/drivers/hid/i2c-hid/i2c-hid.ko
  INSTALL /home/vagrant/pine64_linux/modules/lib/modules/6.1.47/kernel/drivers/hwmon/gpio-fan.ko
  INSTALL /home/vagrant/pine64_linux/modules/lib/modules/6.1.47/kernel/drivers/hwmon/ina2xx.ko
  INSTALL /home/vagrant/pine64_linux/modules/lib/modules/6.1.47/kernel/drivers/hwmon/ina3221.ko
  INSTALL /home/vagrant/pine64_linux/modules/lib/modules/6.1.47/kernel/drivers/hwmon/jc42.ko
  INSTALL /home/vagrant/pine64_linux/modules/lib/modules/6.1.47/kernel/drivers/hwmon/lm75.ko
  INSTALL /home/vagrant/pine64_linux/modules/lib/modules/6.1.47/kernel/drivers/hwmon/lm90.ko
  INSTALL /home/vagrant/pine64_linux/modules/lib/modules/6.1.47/kernel/drivers/hwmon/pwm-fan.ko
  INSTALL /home/vagrant/pine64_linux/modules/lib/modules/6.1.47/kernel/drivers/hwtracing/coresight/coresight-catu.ko
  INSTALL /home/vagrant/pine64_linux/modules/lib/modules/6.1.47/kernel/drivers/hwtracing/coresight/coresight-cpu-debug.ko
  INSTALL /home/vagrant/pine64_linux/modules/lib/modules/6.1.47/kernel/drivers/hwtracing/coresight/coresight-cti.ko
  INSTALL /home/vagrant/pine64_linux/modules/lib/modules/6.1.47/kernel/drivers/hwtracing/coresight/coresight-etb10.ko
  INSTALL /home/vagrant/pine64_linux/modules/lib/modules/6.1.47/kernel/drivers/hwtracing/coresight/coresight-funnel.ko
  INSTALL /home/vagrant/pine64_linux/modules/lib/modules/6.1.47/kernel/drivers/hwtracing/coresight/coresight-replicator.ko
  INSTALL /home/vagrant/pine64_linux/modules/lib/modules/6.1.47/kernel/drivers/hwtracing/coresight/coresight-stm.ko
  INSTALL /home/vagrant/pine64_linux/modules/lib/modules/6.1.47/kernel/drivers/hwtracing/coresight/coresight-tmc.ko
  INSTALL /home/vagrant/pine64_linux/modules/lib/modules/6.1.47/kernel/drivers/hwtracing/coresight/coresight-tpiu.ko
  INSTALL /home/vagrant/pine64_linux/modules/lib/modules/6.1.47/kernel/drivers/hwtracing/coresight/coresight.ko
  INSTALL /home/vagrant/pine64_linux/modules/lib/modules/6.1.47/kernel/drivers/hwtracing/stm/stm_core.ko
  INSTALL /home/vagrant/pine64_linux/modules/lib/modules/6.1.47/kernel/drivers/i2c/busses/i2c-cadence.ko
  INSTALL /home/vagrant/pine64_linux/modules/lib/modules/6.1.47/kernel/drivers/i2c/busses/i2c-gpio.ko
  INSTALL /home/vagrant/pine64_linux/modules/lib/modules/6.1.47/kernel/drivers/iio/adc/max9611.ko
  INSTALL /home/vagrant/pine64_linux/modules/lib/modules/6.1.47/kernel/drivers/iio/adc/qcom-spmi-adc5.ko
  INSTALL /home/vagrant/pine64_linux/modules/lib/modules/6.1.47/kernel/drivers/iio/adc/qcom-spmi-vadc.ko
  INSTALL /home/vagrant/pine64_linux/modules/lib/modules/6.1.47/kernel/drivers/iio/adc/qcom-vadc-common.ko
  INSTALL /home/vagrant/pine64_linux/modules/lib/modules/6.1.47/kernel/drivers/iio/adc/ti-ads1015.ko
  INSTALL /home/vagrant/pine64_linux/modules/lib/modules/6.1.47/kernel/drivers/iio/buffer/industrialio-triggered-buffer.ko
  INSTALL /home/vagrant/pine64_linux/modules/lib/modules/6.1.47/kernel/drivers/iio/buffer/kfifo_buf.ko
  INSTALL /home/vagrant/pine64_linux/modules/lib/modules/6.1.47/kernel/drivers/iio/common/cros_ec_sensors/cros_ec_sensors.ko
  INSTALL /home/vagrant/pine64_linux/modules/lib/modules/6.1.47/kernel/drivers/iio/common/cros_ec_sensors/cros_ec_sensors_core.ko
  INSTALL /home/vagrant/pine64_linux/modules/lib/modules/6.1.47/kernel/drivers/iio/common/st_sensors/st_sensors.ko
  INSTALL /home/vagrant/pine64_linux/modules/lib/modules/6.1.47/kernel/drivers/iio/common/st_sensors/st_sensors_i2c.ko
  INSTALL /home/vagrant/pine64_linux/modules/lib/modules/6.1.47/kernel/drivers/iio/common/st_sensors/st_sensors_spi.ko
  INSTALL /home/vagrant/pine64_linux/modules/lib/modules/6.1.47/kernel/drivers/iio/imu/st_lsm6dsx/st_lsm6dsx.ko
  INSTALL /home/vagrant/pine64_linux/modules/lib/modules/6.1.47/kernel/drivers/iio/imu/st_lsm6dsx/st_lsm6dsx_i2c.ko
  INSTALL /home/vagrant/pine64_linux/modules/lib/modules/6.1.47/kernel/drivers/iio/imu/st_lsm6dsx/st_lsm6dsx_spi.ko
  INSTALL /home/vagrant/pine64_linux/modules/lib/modules/6.1.47/kernel/drivers/iio/light/cros_ec_light_prox.ko
  INSTALL /home/vagrant/pine64_linux/modules/lib/modules/6.1.47/kernel/drivers/iio/light/isl29018.ko
  INSTALL /home/vagrant/pine64_linux/modules/lib/modules/6.1.47/kernel/drivers/iio/light/vcnl4000.ko
  INSTALL /home/vagrant/pine64_linux/modules/lib/modules/6.1.47/kernel/drivers/iio/magnetometer/st_magn.ko
  INSTALL /home/vagrant/pine64_linux/modules/lib/modules/6.1.47/kernel/drivers/iio/magnetometer/st_magn_i2c.ko
  INSTALL /home/vagrant/pine64_linux/modules/lib/modules/6.1.47/kernel/drivers/iio/magnetometer/st_magn_spi.ko
  INSTALL /home/vagrant/pine64_linux/modules/lib/modules/6.1.47/kernel/drivers/iio/pressure/cros_ec_baro.ko
  INSTALL /home/vagrant/pine64_linux/modules/lib/modules/6.1.47/kernel/drivers/iio/pressure/mpl3115.ko
  INSTALL /home/vagrant/pine64_linux/modules/lib/modules/6.1.47/kernel/drivers/input/keyboard/adc-keys.ko
  INSTALL /home/vagrant/pine64_linux/modules/lib/modules/6.1.47/kernel/drivers/input/misc/pwm-beeper.ko
  INSTALL /home/vagrant/pine64_linux/modules/lib/modules/6.1.47/kernel/drivers/input/misc/pwm-vibra.ko
  INSTALL /home/vagrant/pine64_linux/modules/lib/modules/6.1.47/kernel/drivers/input/touchscreen/atmel_mxt_ts.ko
  INSTALL /home/vagrant/pine64_linux/modules/lib/modules/6.1.47/kernel/drivers/input/touchscreen/edt-ft5x06.ko
  INSTALL /home/vagrant/pine64_linux/modules/lib/modules/6.1.47/kernel/drivers/input/touchscreen/goodix_ts.ko
  INSTALL /home/vagrant/pine64_linux/modules/lib/modules/6.1.47/kernel/drivers/leds/led-class-multicolor.ko
  INSTALL /home/vagrant/pine64_linux/modules/lib/modules/6.1.47/kernel/drivers/leds/leds-lm3692x.ko
  INSTALL /home/vagrant/pine64_linux/modules/lib/modules/6.1.47/kernel/drivers/leds/leds-pca9532.ko
  INSTALL /home/vagrant/pine64_linux/modules/lib/modules/6.1.47/kernel/drivers/leds/rgb/leds-qcom-lpg.ko
  INSTALL /home/vagrant/pine64_linux/modules/lib/modules/6.1.47/kernel/drivers/md/dm-log.ko
  INSTALL /home/vagrant/pine64_linux/modules/lib/modules/6.1.47/kernel/drivers/md/dm-mirror.ko
  INSTALL /home/vagrant/pine64_linux/modules/lib/modules/6.1.47/kernel/drivers/md/dm-mod.ko
  INSTALL /home/vagrant/pine64_linux/modules/lib/modules/6.1.47/kernel/drivers/md/dm-region-hash.ko
  INSTALL /home/vagrant/pine64_linux/modules/lib/modules/6.1.47/kernel/drivers/md/dm-zero.ko
  INSTALL /home/vagrant/pine64_linux/modules/lib/modules/6.1.47/kernel/drivers/md/md-mod.ko
  INSTALL /home/vagrant/pine64_linux/modules/lib/modules/6.1.47/kernel/drivers/media/cec/core/cec.ko
  INSTALL /home/vagrant/pine64_linux/modules/lib/modules/6.1.47/kernel/drivers/media/common/videobuf2/videobuf2-common.ko
  INSTALL /home/vagrant/pine64_linux/modules/lib/modules/6.1.47/kernel/drivers/media/common/videobuf2/videobuf2-dma-contig.ko
  INSTALL /home/vagrant/pine64_linux/modules/lib/modules/6.1.47/kernel/drivers/media/common/videobuf2/videobuf2-memops.ko
  INSTALL /home/vagrant/pine64_linux/modules/lib/modules/6.1.47/kernel/drivers/media/common/videobuf2/videobuf2-v4l2.ko
  INSTALL /home/vagrant/pine64_linux/modules/lib/modules/6.1.47/kernel/drivers/media/common/videobuf2/videobuf2-vmalloc.ko
  INSTALL /home/vagrant/pine64_linux/modules/lib/modules/6.1.47/kernel/drivers/media/dvb-core/dvb-core.ko
  INSTALL /home/vagrant/pine64_linux/modules/lib/modules/6.1.47/kernel/drivers/media/i2c/imx219.ko
  INSTALL /home/vagrant/pine64_linux/modules/lib/modules/6.1.47/kernel/drivers/media/i2c/ir-kbd-i2c.ko
  INSTALL /home/vagrant/pine64_linux/modules/lib/modules/6.1.47/kernel/drivers/media/i2c/ov5640.ko
  INSTALL /home/vagrant/pine64_linux/modules/lib/modules/6.1.47/kernel/drivers/media/i2c/ov5645.ko
  INSTALL /home/vagrant/pine64_linux/modules/lib/modules/6.1.47/kernel/drivers/media/mc/mc.ko
  INSTALL /home/vagrant/pine64_linux/modules/lib/modules/6.1.47/kernel/drivers/media/platform/sunxi/sun6i-csi/sun6i-csi.ko
  INSTALL /home/vagrant/pine64_linux/modules/lib/modules/6.1.47/kernel/drivers/media/platform/verisilicon/hantro-vpu.ko
  INSTALL /home/vagrant/pine64_linux/modules/lib/modules/6.1.47/kernel/drivers/media/rc/keymaps/rc-adstech-dvb-t-pci.ko
  INSTALL /home/vagrant/pine64_linux/modules/lib/modules/6.1.47/kernel/drivers/media/rc/keymaps/rc-alink-dtu-m.ko
  INSTALL /home/vagrant/pine64_linux/modules/lib/modules/6.1.47/kernel/drivers/media/rc/keymaps/rc-anysee.ko
  INSTALL /home/vagrant/pine64_linux/modules/lib/modules/6.1.47/kernel/drivers/media/rc/keymaps/rc-apac-viewcomp.ko
  INSTALL /home/vagrant/pine64_linux/modules/lib/modules/6.1.47/kernel/drivers/media/rc/keymaps/rc-astrometa-t2hybrid.ko
  INSTALL /home/vagrant/pine64_linux/modules/lib/modules/6.1.47/kernel/drivers/media/rc/keymaps/rc-asus-pc39.ko
  INSTALL /home/vagrant/pine64_linux/modules/lib/modules/6.1.47/kernel/drivers/media/rc/keymaps/rc-asus-ps3-100.ko
  INSTALL /home/vagrant/pine64_linux/modules/lib/modules/6.1.47/kernel/drivers/media/rc/keymaps/rc-ati-tv-wonder-hd-600.ko
  INSTALL /home/vagrant/pine64_linux/modules/lib/modules/6.1.47/kernel/drivers/media/rc/keymaps/rc-ati-x10.ko
  INSTALL /home/vagrant/pine64_linux/modules/lib/modules/6.1.47/kernel/drivers/media/rc/keymaps/rc-avermedia-a16d.ko
  INSTALL /home/vagrant/pine64_linux/modules/lib/modules/6.1.47/kernel/drivers/media/rc/keymaps/rc-avermedia-cardbus.ko
  INSTALL /home/vagrant/pine64_linux/modules/lib/modules/6.1.47/kernel/drivers/media/rc/keymaps/rc-avermedia-dvbt.ko
  INSTALL /home/vagrant/pine64_linux/modules/lib/modules/6.1.47/kernel/drivers/media/rc/keymaps/rc-avermedia-m135a.ko
  INSTALL /home/vagrant/pine64_linux/modules/lib/modules/6.1.47/kernel/drivers/media/rc/keymaps/rc-avermedia-m733a-rm-k6.ko
  INSTALL /home/vagrant/pine64_linux/modules/lib/modules/6.1.47/kernel/drivers/media/rc/keymaps/rc-avermedia-rm-ks.ko
  INSTALL /home/vagrant/pine64_linux/modules/lib/modules/6.1.47/kernel/drivers/media/rc/keymaps/rc-avermedia.ko
  INSTALL /home/vagrant/pine64_linux/modules/lib/modules/6.1.47/kernel/drivers/media/rc/keymaps/rc-avertv-303.ko
  INSTALL /home/vagrant/pine64_linux/modules/lib/modules/6.1.47/kernel/drivers/media/rc/keymaps/rc-azurewave-ad-tu700.ko
  INSTALL /home/vagrant/pine64_linux/modules/lib/modules/6.1.47/kernel/drivers/media/rc/keymaps/rc-beelink-gs1.ko
  INSTALL /home/vagrant/pine64_linux/modules/lib/modules/6.1.47/kernel/drivers/media/rc/keymaps/rc-behold-columbus.ko
  INSTALL /home/vagrant/pine64_linux/modules/lib/modules/6.1.47/kernel/drivers/media/rc/keymaps/rc-behold.ko
  INSTALL /home/vagrant/pine64_linux/modules/lib/modules/6.1.47/kernel/drivers/media/rc/keymaps/rc-budget-ci-old.ko
  INSTALL /home/vagrant/pine64_linux/modules/lib/modules/6.1.47/kernel/drivers/media/rc/keymaps/rc-cinergy-1400.ko
  INSTALL /home/vagrant/pine64_linux/modules/lib/modules/6.1.47/kernel/drivers/media/rc/keymaps/rc-cinergy.ko
  INSTALL /home/vagrant/pine64_linux/modules/lib/modules/6.1.47/kernel/drivers/media/rc/keymaps/rc-ct-90405.ko
  INSTALL /home/vagrant/pine64_linux/modules/lib/modules/6.1.47/kernel/drivers/media/rc/keymaps/rc-d680-dmb.ko
  INSTALL /home/vagrant/pine64_linux/modules/lib/modules/6.1.47/kernel/drivers/media/rc/keymaps/rc-delock-61959.ko
  INSTALL /home/vagrant/pine64_linux/modules/lib/modules/6.1.47/kernel/drivers/media/rc/keymaps/rc-dib0700-nec.ko
  INSTALL /home/vagrant/pine64_linux/modules/lib/modules/6.1.47/kernel/drivers/media/rc/keymaps/rc-dib0700-rc5.ko
  INSTALL /home/vagrant/pine64_linux/modules/lib/modules/6.1.47/kernel/drivers/media/rc/keymaps/rc-digitalnow-tinytwin.ko
  INSTALL /home/vagrant/pine64_linux/modules/lib/modules/6.1.47/kernel/drivers/media/rc/keymaps/rc-digittrade.ko
  INSTALL /home/vagrant/pine64_linux/modules/lib/modules/6.1.47/kernel/drivers/media/rc/keymaps/rc-dm1105-nec.ko
  INSTALL /home/vagrant/pine64_linux/modules/lib/modules/6.1.47/kernel/drivers/media/rc/keymaps/rc-dntv-live-dvb-t.ko
  INSTALL /home/vagrant/pine64_linux/modules/lib/modules/6.1.47/kernel/drivers/media/rc/keymaps/rc-dntv-live-dvbt-pro.ko
  INSTALL /home/vagrant/pine64_linux/modules/lib/modules/6.1.47/kernel/drivers/media/rc/keymaps/rc-dtt200u.ko
  INSTALL /home/vagrant/pine64_linux/modules/lib/modules/6.1.47/kernel/drivers/media/rc/keymaps/rc-dvbsky.ko
  INSTALL /home/vagrant/pine64_linux/modules/lib/modules/6.1.47/kernel/drivers/media/rc/keymaps/rc-dvico-mce.ko
  INSTALL /home/vagrant/pine64_linux/modules/lib/modules/6.1.47/kernel/drivers/media/rc/keymaps/rc-dvico-portable.ko
  INSTALL /home/vagrant/pine64_linux/modules/lib/modules/6.1.47/kernel/drivers/media/rc/keymaps/rc-em-terratec.ko
  INSTALL /home/vagrant/pine64_linux/modules/lib/modules/6.1.47/kernel/drivers/media/rc/keymaps/rc-encore-enltv-fm53.ko
  INSTALL /home/vagrant/pine64_linux/modules/lib/modules/6.1.47/kernel/drivers/media/rc/keymaps/rc-encore-enltv.ko
  INSTALL /home/vagrant/pine64_linux/modules/lib/modules/6.1.47/kernel/drivers/media/rc/keymaps/rc-encore-enltv2.ko
  INSTALL /home/vagrant/pine64_linux/modules/lib/modules/6.1.47/kernel/drivers/media/rc/keymaps/rc-evga-indtube.ko
  INSTALL /home/vagrant/pine64_linux/modules/lib/modules/6.1.47/kernel/drivers/media/rc/keymaps/rc-eztv.ko
  INSTALL /home/vagrant/pine64_linux/modules/lib/modules/6.1.47/kernel/drivers/media/rc/keymaps/rc-flydvb.ko
  INSTALL /home/vagrant/pine64_linux/modules/lib/modules/6.1.47/kernel/drivers/media/rc/keymaps/rc-flyvideo.ko
  INSTALL /home/vagrant/pine64_linux/modules/lib/modules/6.1.47/kernel/drivers/media/rc/keymaps/rc-fusionhdtv-mce.ko
  INSTALL /home/vagrant/pine64_linux/modules/lib/modules/6.1.47/kernel/drivers/media/rc/keymaps/rc-gadmei-rm008z.ko
  INSTALL /home/vagrant/pine64_linux/modules/lib/modules/6.1.47/kernel/drivers/media/rc/keymaps/rc-geekbox.ko
  INSTALL /home/vagrant/pine64_linux/modules/lib/modules/6.1.47/kernel/drivers/media/rc/keymaps/rc-genius-tvgo-a11mce.ko
  INSTALL /home/vagrant/pine64_linux/modules/lib/modules/6.1.47/kernel/drivers/media/rc/keymaps/rc-gotview7135.ko
  INSTALL /home/vagrant/pine64_linux/modules/lib/modules/6.1.47/kernel/drivers/media/rc/keymaps/rc-hauppauge.ko
  INSTALL /home/vagrant/pine64_linux/modules/lib/modules/6.1.47/kernel/drivers/media/rc/keymaps/rc-hisi-poplar.ko
  INSTALL /home/vagrant/pine64_linux/modules/lib/modules/6.1.47/kernel/drivers/media/rc/keymaps/rc-hisi-tv-demo.ko
  INSTALL /home/vagrant/pine64_linux/modules/lib/modules/6.1.47/kernel/drivers/media/rc/keymaps/rc-imon-mce.ko
  INSTALL /home/vagrant/pine64_linux/modules/lib/modules/6.1.47/kernel/drivers/media/rc/keymaps/rc-imon-pad.ko
  INSTALL /home/vagrant/pine64_linux/modules/lib/modules/6.1.47/kernel/drivers/media/rc/keymaps/rc-imon-rsc.ko
  INSTALL /home/vagrant/pine64_linux/modules/lib/modules/6.1.47/kernel/drivers/media/rc/keymaps/rc-iodata-bctv7e.ko
  INSTALL /home/vagrant/pine64_linux/modules/lib/modules/6.1.47/kernel/drivers/media/rc/keymaps/rc-it913x-v1.ko
  INSTALL /home/vagrant/pine64_linux/modules/lib/modules/6.1.47/kernel/drivers/media/rc/keymaps/rc-it913x-v2.ko
  INSTALL /home/vagrant/pine64_linux/modules/lib/modules/6.1.47/kernel/drivers/media/rc/keymaps/rc-kaiomy.ko
  INSTALL /home/vagrant/pine64_linux/modules/lib/modules/6.1.47/kernel/drivers/media/rc/keymaps/rc-khadas.ko
  INSTALL /home/vagrant/pine64_linux/modules/lib/modules/6.1.47/kernel/drivers/media/rc/keymaps/rc-khamsin.ko
  INSTALL /home/vagrant/pine64_linux/modules/lib/modules/6.1.47/kernel/drivers/media/rc/keymaps/rc-kworld-315u.ko
  INSTALL /home/vagrant/pine64_linux/modules/lib/modules/6.1.47/kernel/drivers/media/rc/keymaps/rc-kworld-pc150u.ko
  INSTALL /home/vagrant/pine64_linux/modules/lib/modules/6.1.47/kernel/drivers/media/rc/keymaps/rc-kworld-plus-tv-analog.ko
  INSTALL /home/vagrant/pine64_linux/modules/lib/modules/6.1.47/kernel/drivers/media/rc/keymaps/rc-leadtek-y04g0051.ko
  INSTALL /home/vagrant/pine64_linux/modules/lib/modules/6.1.47/kernel/drivers/media/rc/keymaps/rc-lme2510.ko
  INSTALL /home/vagrant/pine64_linux/modules/lib/modules/6.1.47/kernel/drivers/media/rc/keymaps/rc-manli.ko
  INSTALL /home/vagrant/pine64_linux/modules/lib/modules/6.1.47/kernel/drivers/media/rc/keymaps/rc-mecool-kii-pro.ko
  INSTALL /home/vagrant/pine64_linux/modules/lib/modules/6.1.47/kernel/drivers/media/rc/keymaps/rc-mecool-kiii-pro.ko
  INSTALL /home/vagrant/pine64_linux/modules/lib/modules/6.1.47/kernel/drivers/media/rc/keymaps/rc-medion-x10-digitainer.ko
  INSTALL /home/vagrant/pine64_linux/modules/lib/modules/6.1.47/kernel/drivers/media/rc/keymaps/rc-medion-x10-or2x.ko
  INSTALL /home/vagrant/pine64_linux/modules/lib/modules/6.1.47/kernel/drivers/media/rc/keymaps/rc-medion-x10.ko
  INSTALL /home/vagrant/pine64_linux/modules/lib/modules/6.1.47/kernel/drivers/media/rc/keymaps/rc-minix-neo.ko
  INSTALL /home/vagrant/pine64_linux/modules/lib/modules/6.1.47/kernel/drivers/media/rc/keymaps/rc-msi-digivox-ii.ko
  INSTALL /home/vagrant/pine64_linux/modules/lib/modules/6.1.47/kernel/drivers/media/rc/keymaps/rc-msi-digivox-iii.ko
  INSTALL /home/vagrant/pine64_linux/modules/lib/modules/6.1.47/kernel/drivers/media/rc/keymaps/rc-msi-tvanywhere-plus.ko
  INSTALL /home/vagrant/pine64_linux/modules/lib/modules/6.1.47/kernel/drivers/media/rc/keymaps/rc-msi-tvanywhere.ko
  INSTALL /home/vagrant/pine64_linux/modules/lib/modules/6.1.47/kernel/drivers/media/rc/keymaps/rc-nebula.ko
  INSTALL /home/vagrant/pine64_linux/modules/lib/modules/6.1.47/kernel/drivers/media/rc/keymaps/rc-nec-terratec-cinergy-xs.ko
  INSTALL /home/vagrant/pine64_linux/modules/lib/modules/6.1.47/kernel/drivers/media/rc/keymaps/rc-norwood.ko
  INSTALL /home/vagrant/pine64_linux/modules/lib/modules/6.1.47/kernel/drivers/media/rc/keymaps/rc-npgtech.ko
  INSTALL /home/vagrant/pine64_linux/modules/lib/modules/6.1.47/kernel/drivers/media/rc/keymaps/rc-odroid.ko
  INSTALL /home/vagrant/pine64_linux/modules/lib/modules/6.1.47/kernel/drivers/media/rc/keymaps/rc-pctv-sedna.ko
  INSTALL /home/vagrant/pine64_linux/modules/lib/modules/6.1.47/kernel/drivers/media/rc/keymaps/rc-pine64.ko
  INSTALL /home/vagrant/pine64_linux/modules/lib/modules/6.1.47/kernel/drivers/media/rc/keymaps/rc-pinnacle-color.ko
  INSTALL /home/vagrant/pine64_linux/modules/lib/modules/6.1.47/kernel/drivers/media/rc/keymaps/rc-pinnacle-grey.ko
  INSTALL /home/vagrant/pine64_linux/modules/lib/modules/6.1.47/kernel/drivers/media/rc/keymaps/rc-pinnacle-pctv-hd.ko
  INSTALL /home/vagrant/pine64_linux/modules/lib/modules/6.1.47/kernel/drivers/media/rc/keymaps/rc-pixelview-002t.ko
  INSTALL /home/vagrant/pine64_linux/modules/lib/modules/6.1.47/kernel/drivers/media/rc/keymaps/rc-pixelview-mk12.ko
  INSTALL /home/vagrant/pine64_linux/modules/lib/modules/6.1.47/kernel/drivers/media/rc/keymaps/rc-pixelview-new.ko
  INSTALL /home/vagrant/pine64_linux/modules/lib/modules/6.1.47/kernel/drivers/media/rc/keymaps/rc-pixelview.ko
  INSTALL /home/vagrant/pine64_linux/modules/lib/modules/6.1.47/kernel/drivers/media/rc/keymaps/rc-powercolor-real-angel.ko
  INSTALL /home/vagrant/pine64_linux/modules/lib/modules/6.1.47/kernel/drivers/media/rc/keymaps/rc-proteus-2309.ko
  INSTALL /home/vagrant/pine64_linux/modules/lib/modules/6.1.47/kernel/drivers/media/rc/keymaps/rc-purpletv.ko
  INSTALL /home/vagrant/pine64_linux/modules/lib/modules/6.1.47/kernel/drivers/media/rc/keymaps/rc-pv951.ko
  INSTALL /home/vagrant/pine64_linux/modules/lib/modules/6.1.47/kernel/drivers/media/rc/keymaps/rc-rc6-mce.ko
  INSTALL /home/vagrant/pine64_linux/modules/lib/modules/6.1.47/kernel/drivers/media/rc/keymaps/rc-real-audio-220-32-keys.ko
  INSTALL /home/vagrant/pine64_linux/modules/lib/modules/6.1.47/kernel/drivers/media/rc/keymaps/rc-reddo.ko
  INSTALL /home/vagrant/pine64_linux/modules/lib/modules/6.1.47/kernel/drivers/media/rc/keymaps/rc-snapstream-firefly.ko
  INSTALL /home/vagrant/pine64_linux/modules/lib/modules/6.1.47/kernel/drivers/media/rc/keymaps/rc-streamzap.ko
  INSTALL /home/vagrant/pine64_linux/modules/lib/modules/6.1.47/kernel/drivers/media/rc/keymaps/rc-su3000.ko
  INSTALL /home/vagrant/pine64_linux/modules/lib/modules/6.1.47/kernel/drivers/media/rc/keymaps/rc-tanix-tx3mini.ko
  INSTALL /home/vagrant/pine64_linux/modules/lib/modules/6.1.47/kernel/drivers/media/rc/keymaps/rc-tanix-tx5max.ko
  INSTALL /home/vagrant/pine64_linux/modules/lib/modules/6.1.47/kernel/drivers/media/rc/keymaps/rc-tbs-nec.ko
  INSTALL /home/vagrant/pine64_linux/modules/lib/modules/6.1.47/kernel/drivers/media/rc/keymaps/rc-technisat-ts35.ko
  INSTALL /home/vagrant/pine64_linux/modules/lib/modules/6.1.47/kernel/drivers/media/rc/keymaps/rc-technisat-usb2.ko
  INSTALL /home/vagrant/pine64_linux/modules/lib/modules/6.1.47/kernel/drivers/media/rc/keymaps/rc-terratec-cinergy-c-pci.ko
  INSTALL /home/vagrant/pine64_linux/modules/lib/modules/6.1.47/kernel/drivers/media/rc/keymaps/rc-terratec-cinergy-s2-hd.ko
  INSTALL /home/vagrant/pine64_linux/modules/lib/modules/6.1.47/kernel/drivers/media/rc/keymaps/rc-terratec-cinergy-xs.ko
  INSTALL /home/vagrant/pine64_linux/modules/lib/modules/6.1.47/kernel/drivers/media/rc/keymaps/rc-terratec-slim-2.ko
  INSTALL /home/vagrant/pine64_linux/modules/lib/modules/6.1.47/kernel/drivers/media/rc/keymaps/rc-terratec-slim.ko
  INSTALL /home/vagrant/pine64_linux/modules/lib/modules/6.1.47/kernel/drivers/media/rc/keymaps/rc-tevii-nec.ko
  INSTALL /home/vagrant/pine64_linux/modules/lib/modules/6.1.47/kernel/drivers/media/rc/keymaps/rc-tivo.ko
  INSTALL /home/vagrant/pine64_linux/modules/lib/modules/6.1.47/kernel/drivers/media/rc/keymaps/rc-total-media-in-hand-02.ko
  INSTALL /home/vagrant/pine64_linux/modules/lib/modules/6.1.47/kernel/drivers/media/rc/keymaps/rc-total-media-in-hand.ko
  INSTALL /home/vagrant/pine64_linux/modules/lib/modules/6.1.47/kernel/drivers/media/rc/keymaps/rc-trekstor.ko
  INSTALL /home/vagrant/pine64_linux/modules/lib/modules/6.1.47/kernel/drivers/media/rc/keymaps/rc-tt-1500.ko
  INSTALL /home/vagrant/pine64_linux/modules/lib/modules/6.1.47/kernel/drivers/media/rc/keymaps/rc-twinhan-dtv-cab-ci.ko
  INSTALL /home/vagrant/pine64_linux/modules/lib/modules/6.1.47/kernel/drivers/media/rc/keymaps/rc-twinhan1027.ko
  INSTALL /home/vagrant/pine64_linux/modules/lib/modules/6.1.47/kernel/drivers/media/rc/keymaps/rc-vega-s9x.ko
  INSTALL /home/vagrant/pine64_linux/modules/lib/modules/6.1.47/kernel/drivers/media/rc/keymaps/rc-videomate-m1f.ko
  INSTALL /home/vagrant/pine64_linux/modules/lib/modules/6.1.47/kernel/drivers/media/rc/keymaps/rc-videomate-s350.ko
  INSTALL /home/vagrant/pine64_linux/modules/lib/modules/6.1.47/kernel/drivers/media/rc/keymaps/rc-videomate-tv-pvr.ko
  INSTALL /home/vagrant/pine64_linux/modules/lib/modules/6.1.47/kernel/drivers/media/rc/keymaps/rc-videostrong-kii-pro.ko
  INSTALL /home/vagrant/pine64_linux/modules/lib/modules/6.1.47/kernel/drivers/media/rc/keymaps/rc-wetek-hub.ko
  INSTALL /home/vagrant/pine64_linux/modules/lib/modules/6.1.47/kernel/drivers/media/rc/keymaps/rc-wetek-play2.ko
  INSTALL /home/vagrant/pine64_linux/modules/lib/modules/6.1.47/kernel/drivers/media/rc/keymaps/rc-winfast-usbii-deluxe.ko
  INSTALL /home/vagrant/pine64_linux/modules/lib/modules/6.1.47/kernel/drivers/media/rc/keymaps/rc-winfast.ko
  INSTALL /home/vagrant/pine64_linux/modules/lib/modules/6.1.47/kernel/drivers/media/rc/keymaps/rc-x96max.ko
  INSTALL /home/vagrant/pine64_linux/modules/lib/modules/6.1.47/kernel/drivers/media/rc/keymaps/rc-xbox-360.ko
  INSTALL /home/vagrant/pine64_linux/modules/lib/modules/6.1.47/kernel/drivers/media/rc/keymaps/rc-xbox-dvd.ko
  INSTALL /home/vagrant/pine64_linux/modules/lib/modules/6.1.47/kernel/drivers/media/rc/keymaps/rc-zx-irdec.ko
  INSTALL /home/vagrant/pine64_linux/modules/lib/modules/6.1.47/kernel/drivers/media/rc/rc-core.ko
  INSTALL /home/vagrant/pine64_linux/modules/lib/modules/6.1.47/kernel/drivers/media/rc/sunxi-cir.ko
  INSTALL /home/vagrant/pine64_linux/modules/lib/modules/6.1.47/kernel/drivers/media/tuners/mc44s803.ko
  INSTALL /home/vagrant/pine64_linux/modules/lib/modules/6.1.47/kernel/drivers/media/tuners/mt20xx.ko
  INSTALL /home/vagrant/pine64_linux/modules/lib/modules/6.1.47/kernel/drivers/media/tuners/tda18271.ko
  INSTALL /home/vagrant/pine64_linux/modules/lib/modules/6.1.47/kernel/drivers/media/tuners/tda827x.ko
  INSTALL /home/vagrant/pine64_linux/modules/lib/modules/6.1.47/kernel/drivers/media/tuners/tda8290.ko
  INSTALL /home/vagrant/pine64_linux/modules/lib/modules/6.1.47/kernel/drivers/media/tuners/tda9887.ko
  INSTALL /home/vagrant/pine64_linux/modules/lib/modules/6.1.47/kernel/drivers/media/tuners/tuner-simple.ko
  INSTALL /home/vagrant/pine64_linux/modules/lib/modules/6.1.47/kernel/drivers/media/tuners/tuner-types.ko
  INSTALL /home/vagrant/pine64_linux/modules/lib/modules/6.1.47/kernel/drivers/media/tuners/xc2028.ko
  INSTALL /home/vagrant/pine64_linux/modules/lib/modules/6.1.47/kernel/drivers/media/tuners/xc4000.ko
  INSTALL /home/vagrant/pine64_linux/modules/lib/modules/6.1.47/kernel/drivers/media/tuners/xc5000.ko
  INSTALL /home/vagrant/pine64_linux/modules/lib/modules/6.1.47/kernel/drivers/media/usb/uvc/uvcvideo.ko
  INSTALL /home/vagrant/pine64_linux/modules/lib/modules/6.1.47/kernel/drivers/media/v4l2-core/v4l2-async.ko
  INSTALL /home/vagrant/pine64_linux/modules/lib/modules/6.1.47/kernel/drivers/media/v4l2-core/v4l2-dv-timings.ko
  INSTALL /home/vagrant/pine64_linux/modules/lib/modules/6.1.47/kernel/drivers/media/v4l2-core/v4l2-fwnode.ko
  INSTALL /home/vagrant/pine64_linux/modules/lib/modules/6.1.47/kernel/drivers/media/v4l2-core/v4l2-h264.ko
  INSTALL /home/vagrant/pine64_linux/modules/lib/modules/6.1.47/kernel/drivers/media/v4l2-core/v4l2-mem2mem.ko
  INSTALL /home/vagrant/pine64_linux/modules/lib/modules/6.1.47/kernel/drivers/media/v4l2-core/v4l2-vp9.ko
  INSTALL /home/vagrant/pine64_linux/modules/lib/modules/6.1.47/kernel/drivers/media/v4l2-core/videodev.ko
  INSTALL /home/vagrant/pine64_linux/modules/lib/modules/6.1.47/kernel/drivers/mfd/wcd934x.ko
  INSTALL /home/vagrant/pine64_linux/modules/lib/modules/6.1.47/kernel/drivers/mfd/wm8994.ko
  INSTALL /home/vagrant/pine64_linux/modules/lib/modules/6.1.47/kernel/drivers/misc/eeprom/at24.ko
  INSTALL /home/vagrant/pine64_linux/modules/lib/modules/6.1.47/kernel/drivers/misc/eeprom/at25.ko
  INSTALL /home/vagrant/pine64_linux/modules/lib/modules/6.1.47/kernel/drivers/misc/pci_endpoint_test.ko
  INSTALL /home/vagrant/pine64_linux/modules/lib/modules/6.1.47/kernel/drivers/misc/uacce/uacce.ko
  INSTALL /home/vagrant/pine64_linux/modules/lib/modules/6.1.47/kernel/drivers/mtd/nand/raw/brcmnand/bcm63138_nand.ko
  INSTALL /home/vagrant/pine64_linux/modules/lib/modules/6.1.47/kernel/drivers/mtd/nand/raw/brcmnand/brcmnand.ko
  INSTALL /home/vagrant/pine64_linux/modules/lib/modules/6.1.47/kernel/drivers/mtd/nand/raw/brcmnand/brcmstb_nand.ko
  INSTALL /home/vagrant/pine64_linux/modules/lib/modules/6.1.47/kernel/drivers/mtd/nand/raw/brcmnand/iproc_nand.ko
  INSTALL /home/vagrant/pine64_linux/modules/lib/modules/6.1.47/kernel/drivers/net/can/dev/can-dev.ko
  INSTALL /home/vagrant/pine64_linux/modules/lib/modules/6.1.47/kernel/drivers/net/can/flexcan/flexcan.ko
  INSTALL /home/vagrant/pine64_linux/modules/lib/modules/6.1.47/kernel/drivers/net/can/spi/mcp251xfd/mcp251xfd.ko
  INSTALL /home/vagrant/pine64_linux/modules/lib/modules/6.1.47/kernel/drivers/net/dsa/b53/b53_common.ko
  INSTALL /home/vagrant/pine64_linux/modules/lib/modules/6.1.47/kernel/drivers/net/dsa/b53/b53_srab.ko
  INSTALL /home/vagrant/pine64_linux/modules/lib/modules/6.1.47/kernel/drivers/net/dsa/bcm-sf2.ko
  INSTALL /home/vagrant/pine64_linux/modules/lib/modules/6.1.47/kernel/drivers/net/ethernet/atheros/atl1c/atl1c.ko
  INSTALL /home/vagrant/pine64_linux/modules/lib/modules/6.1.47/kernel/drivers/net/ethernet/broadcom/bcmsysport.ko
  INSTALL /home/vagrant/pine64_linux/modules/lib/modules/6.1.47/kernel/drivers/net/ethernet/broadcom/bnx2x/bnx2x.ko
  INSTALL /home/vagrant/pine64_linux/modules/lib/modules/6.1.47/kernel/drivers/net/ethernet/broadcom/genet/genet.ko
  INSTALL /home/vagrant/pine64_linux/modules/lib/modules/6.1.47/kernel/drivers/net/ethernet/mellanox/mlx4/mlx4_core.ko
  INSTALL /home/vagrant/pine64_linux/modules/lib/modules/6.1.47/kernel/drivers/net/ethernet/mellanox/mlx4/mlx4_en.ko
  INSTALL /home/vagrant/pine64_linux/modules/lib/modules/6.1.47/kernel/drivers/net/ethernet/mellanox/mlx5/core/mlx5_core.ko
  INSTALL /home/vagrant/pine64_linux/modules/lib/modules/6.1.47/kernel/drivers/net/ethernet/qualcomm/emac/qcom-emac.ko
  INSTALL /home/vagrant/pine64_linux/modules/lib/modules/6.1.47/kernel/drivers/net/ethernet/qualcomm/rmnet/rmnet.ko
  INSTALL /home/vagrant/pine64_linux/modules/lib/modules/6.1.47/kernel/drivers/net/ethernet/realtek/r8169.ko
  INSTALL /home/vagrant/pine64_linux/modules/lib/modules/6.1.47/kernel/drivers/net/ethernet/stmicro/stmmac/dwmac-generic.ko
  INSTALL /home/vagrant/pine64_linux/modules/lib/modules/6.1.47/kernel/drivers/net/ethernet/stmicro/stmmac/dwmac-sun8i.ko
  INSTALL /home/vagrant/pine64_linux/modules/lib/modules/6.1.47/kernel/drivers/net/ethernet/stmicro/stmmac/dwmac-sunxi.ko
  INSTALL /home/vagrant/pine64_linux/modules/lib/modules/6.1.47/kernel/drivers/net/ethernet/stmicro/stmmac/stmmac-platform.ko
  INSTALL /home/vagrant/pine64_linux/modules/lib/modules/6.1.47/kernel/drivers/net/ethernet/stmicro/stmmac/stmmac.ko
  INSTALL /home/vagrant/pine64_linux/modules/lib/modules/6.1.47/kernel/drivers/net/macvlan.ko
  INSTALL /home/vagrant/pine64_linux/modules/lib/modules/6.1.47/kernel/drivers/net/macvtap.ko
  INSTALL /home/vagrant/pine64_linux/modules/lib/modules/6.1.47/kernel/drivers/net/mdio.ko
  INSTALL /home/vagrant/pine64_linux/modules/lib/modules/6.1.47/kernel/drivers/net/mdio/mdio-bcm-unimac.ko
  INSTALL /home/vagrant/pine64_linux/modules/lib/modules/6.1.47/kernel/drivers/net/pcs/pcs_xpcs.ko
  INSTALL /home/vagrant/pine64_linux/modules/lib/modules/6.1.47/kernel/drivers/net/phy/ax88796b.ko
  INSTALL /home/vagrant/pine64_linux/modules/lib/modules/6.1.47/kernel/drivers/net/phy/bcm-phy-lib.ko
  INSTALL /home/vagrant/pine64_linux/modules/lib/modules/6.1.47/kernel/drivers/net/phy/bcm54140.ko
  INSTALL /home/vagrant/pine64_linux/modules/lib/modules/6.1.47/kernel/drivers/net/phy/bcm7xxx.ko
  INSTALL /home/vagrant/pine64_linux/modules/lib/modules/6.1.47/kernel/drivers/net/phy/broadcom.ko
  INSTALL /home/vagrant/pine64_linux/modules/lib/modules/6.1.47/kernel/drivers/net/phy/marvell.ko
  INSTALL /home/vagrant/pine64_linux/modules/lib/modules/6.1.47/kernel/drivers/net/phy/marvell10g.ko
  INSTALL /home/vagrant/pine64_linux/modules/lib/modules/6.1.47/kernel/drivers/net/phy/microchip.ko
  INSTALL /home/vagrant/pine64_linux/modules/lib/modules/6.1.47/kernel/drivers/net/phy/smsc.ko
  INSTALL /home/vagrant/pine64_linux/modules/lib/modules/6.1.47/kernel/drivers/net/tap.ko
  INSTALL /home/vagrant/pine64_linux/modules/lib/modules/6.1.47/kernel/drivers/net/usb/asix.ko
  INSTALL /home/vagrant/pine64_linux/modules/lib/modules/6.1.47/kernel/drivers/net/usb/ax88179_178a.ko
  INSTALL /home/vagrant/pine64_linux/modules/lib/modules/6.1.47/kernel/drivers/net/usb/cdc_ether.ko
  INSTALL /home/vagrant/pine64_linux/modules/lib/modules/6.1.47/kernel/drivers/net/usb/cdc_ncm.ko
  INSTALL /home/vagrant/pine64_linux/modules/lib/modules/6.1.47/kernel/drivers/net/usb/cdc_subset.ko
  INSTALL /home/vagrant/pine64_linux/modules/lib/modules/6.1.47/kernel/drivers/net/usb/dm9601.ko
  INSTALL /home/vagrant/pine64_linux/modules/lib/modules/6.1.47/kernel/drivers/net/usb/lan78xx.ko
  INSTALL /home/vagrant/pine64_linux/modules/lib/modules/6.1.47/kernel/drivers/net/usb/mcs7830.ko
  INSTALL /home/vagrant/pine64_linux/modules/lib/modules/6.1.47/kernel/drivers/net/usb/net1080.ko
  INSTALL /home/vagrant/pine64_linux/modules/lib/modules/6.1.47/kernel/drivers/net/usb/pegasus.ko
  INSTALL /home/vagrant/pine64_linux/modules/lib/modules/6.1.47/kernel/drivers/net/usb/plusb.ko
  INSTALL /home/vagrant/pine64_linux/modules/lib/modules/6.1.47/kernel/drivers/net/usb/r8152.ko
  INSTALL /home/vagrant/pine64_linux/modules/lib/modules/6.1.47/kernel/drivers/net/usb/r8153_ecm.ko
  INSTALL /home/vagrant/pine64_linux/modules/lib/modules/6.1.47/kernel/drivers/net/usb/rtl8150.ko
  INSTALL /home/vagrant/pine64_linux/modules/lib/modules/6.1.47/kernel/drivers/net/usb/smsc75xx.ko
  INSTALL /home/vagrant/pine64_linux/modules/lib/modules/6.1.47/kernel/drivers/net/usb/smsc95xx.ko
  INSTALL /home/vagrant/pine64_linux/modules/lib/modules/6.1.47/kernel/drivers/net/usb/sr9800.ko
  INSTALL /home/vagrant/pine64_linux/modules/lib/modules/6.1.47/kernel/drivers/net/usb/usbnet.ko
  INSTALL /home/vagrant/pine64_linux/modules/lib/modules/6.1.47/kernel/drivers/net/usb/zaurus.ko
  INSTALL /home/vagrant/pine64_linux/modules/lib/modules/6.1.47/kernel/drivers/net/veth.ko
  INSTALL /home/vagrant/pine64_linux/modules/lib/modules/6.1.47/kernel/drivers/nfc/s3fwrn5/s3fwrn5.ko
  INSTALL /home/vagrant/pine64_linux/modules/lib/modules/6.1.47/kernel/drivers/nfc/s3fwrn5/s3fwrn5_i2c.ko
  INSTALL /home/vagrant/pine64_linux/modules/lib/modules/6.1.47/kernel/drivers/nvme/host/nvme-core.ko
  INSTALL /home/vagrant/pine64_linux/modules/lib/modules/6.1.47/kernel/drivers/nvme/host/nvme.ko
  INSTALL /home/vagrant/pine64_linux/modules/lib/modules/6.1.47/kernel/drivers/nvmem/nvmem-rmem.ko
  INSTALL /home/vagrant/pine64_linux/modules/lib/modules/6.1.47/kernel/drivers/pci/controller/dwc/pci-meson.ko
  INSTALL /home/vagrant/pine64_linux/modules/lib/modules/6.1.47/kernel/drivers/pci/endpoint/functions/pci-epf-test.ko
  INSTALL /home/vagrant/pine64_linux/modules/lib/modules/6.1.47/kernel/drivers/perf/arm-cci.ko
  INSTALL /home/vagrant/pine64_linux/modules/lib/modules/6.1.47/kernel/drivers/perf/arm-ccn.ko
  INSTALL /home/vagrant/pine64_linux/modules/lib/modules/6.1.47/kernel/drivers/perf/arm-cmn.ko
  INSTALL /home/vagrant/pine64_linux/modules/lib/modules/6.1.47/kernel/drivers/perf/arm_dsu_pmu.ko
  INSTALL /home/vagrant/pine64_linux/modules/lib/modules/6.1.47/kernel/drivers/perf/arm_spe_pmu.ko
  INSTALL /home/vagrant/pine64_linux/modules/lib/modules/6.1.47/kernel/drivers/phy/allwinner/phy-sun6i-mipi-dphy.ko
  INSTALL /home/vagrant/pine64_linux/modules/lib/modules/6.1.47/kernel/drivers/phy/cadence/phy-cadence-sierra.ko
  INSTALL /home/vagrant/pine64_linux/modules/lib/modules/6.1.47/kernel/drivers/phy/cadence/phy-cadence-torrent.ko
  INSTALL /home/vagrant/pine64_linux/modules/lib/modules/6.1.47/kernel/drivers/phy/qualcomm/phy-qcom-usb-hs.ko
  INSTALL /home/vagrant/pine64_linux/modules/lib/modules/6.1.47/kernel/drivers/platform/chrome/cros_ec_chardev.ko
  INSTALL /home/vagrant/pine64_linux/modules/lib/modules/6.1.47/kernel/drivers/platform/chrome/cros_ec_typec.ko
  INSTALL /home/vagrant/pine64_linux/modules/lib/modules/6.1.47/kernel/drivers/power/supply/bq25890_charger.ko
  INSTALL /home/vagrant/pine64_linux/modules/lib/modules/6.1.47/kernel/drivers/power/supply/bq25980_charger.ko
  INSTALL /home/vagrant/pine64_linux/modules/lib/modules/6.1.47/kernel/drivers/power/supply/max17042_battery.ko
  INSTALL /home/vagrant/pine64_linux/modules/lib/modules/6.1.47/kernel/drivers/power/supply/mt6360_charger.ko
  INSTALL /home/vagrant/pine64_linux/modules/lib/modules/6.1.47/kernel/drivers/power/supply/sbs-battery.ko
  INSTALL /home/vagrant/pine64_linux/modules/lib/modules/6.1.47/kernel/drivers/pwm/pwm-cros-ec.ko
  INSTALL /home/vagrant/pine64_linux/modules/lib/modules/6.1.47/kernel/drivers/pwm/pwm-sun4i.ko
  INSTALL /home/vagrant/pine64_linux/modules/lib/modules/6.1.47/kernel/drivers/regulator/tps65132-regulator.ko
  INSTALL /home/vagrant/pine64_linux/modules/lib/modules/6.1.47/kernel/drivers/regulator/vctrl-regulator.ko
  INSTALL /home/vagrant/pine64_linux/modules/lib/modules/6.1.47/kernel/drivers/rpmsg/rpmsg_char.ko
  INSTALL /home/vagrant/pine64_linux/modules/lib/modules/6.1.47/kernel/drivers/rpmsg/rpmsg_ctrl.ko
  INSTALL /home/vagrant/pine64_linux/modules/lib/modules/6.1.47/kernel/drivers/rtc/rtc-ds1307.ko
  INSTALL /home/vagrant/pine64_linux/modules/lib/modules/6.1.47/kernel/drivers/rtc/rtc-hym8563.ko
  INSTALL /home/vagrant/pine64_linux/modules/lib/modules/6.1.47/kernel/drivers/rtc/rtc-m41t80.ko
  INSTALL /home/vagrant/pine64_linux/modules/lib/modules/6.1.47/kernel/drivers/rtc/rtc-mt6397.ko
  INSTALL /home/vagrant/pine64_linux/modules/lib/modules/6.1.47/kernel/drivers/rtc/rtc-pcf2127.ko
  INSTALL /home/vagrant/pine64_linux/modules/lib/modules/6.1.47/kernel/drivers/rtc/rtc-pcf85063.ko
  INSTALL /home/vagrant/pine64_linux/modules/lib/modules/6.1.47/kernel/drivers/rtc/rtc-pcf85363.ko
  INSTALL /home/vagrant/pine64_linux/modules/lib/modules/6.1.47/kernel/drivers/rtc/rtc-rk808.ko
  INSTALL /home/vagrant/pine64_linux/modules/lib/modules/6.1.47/kernel/drivers/rtc/rtc-rv3028.ko
  INSTALL /home/vagrant/pine64_linux/modules/lib/modules/6.1.47/kernel/drivers/rtc/rtc-rv8803.ko
  INSTALL /home/vagrant/pine64_linux/modules/lib/modules/6.1.47/kernel/drivers/rtc/rtc-rx8581.ko
  INSTALL /home/vagrant/pine64_linux/modules/lib/modules/6.1.47/kernel/drivers/scsi/mpt3sas/mpt3sas.ko
  INSTALL /home/vagrant/pine64_linux/modules/lib/modules/6.1.47/kernel/drivers/scsi/raid_class.ko
  INSTALL /home/vagrant/pine64_linux/modules/lib/modules/6.1.47/kernel/drivers/slimbus/slim-qcom-ctrl.ko
  INSTALL /home/vagrant/pine64_linux/modules/lib/modules/6.1.47/kernel/drivers/slimbus/slimbus.ko
  INSTALL /home/vagrant/pine64_linux/modules/lib/modules/6.1.47/kernel/drivers/soundwire/soundwire-bus.ko
  INSTALL /home/vagrant/pine64_linux/modules/lib/modules/6.1.47/kernel/drivers/soundwire/soundwire-qcom.ko
  INSTALL /home/vagrant/pine64_linux/modules/lib/modules/6.1.47/kernel/drivers/spi/spi-dw-mmio.ko
  INSTALL /home/vagrant/pine64_linux/modules/lib/modules/6.1.47/kernel/drivers/spi/spi-dw.ko
  INSTALL /home/vagrant/pine64_linux/modules/lib/modules/6.1.47/kernel/drivers/spi/spidev.ko
  INSTALL /home/vagrant/pine64_linux/modules/lib/modules/6.1.47/kernel/drivers/staging/media/max96712/max96712.ko
  INSTALL /home/vagrant/pine64_linux/modules/lib/modules/6.1.47/kernel/drivers/usb/cdns3/cdns-usb-common.ko
  INSTALL /home/vagrant/pine64_linux/modules/lib/modules/6.1.47/kernel/drivers/usb/cdns3/cdns3.ko
  INSTALL /home/vagrant/pine64_linux/modules/lib/modules/6.1.47/kernel/drivers/usb/class/cdc-acm.ko
  INSTALL /home/vagrant/pine64_linux/modules/lib/modules/6.1.47/kernel/drivers/usb/gadget/function/u_ether.ko
  INSTALL /home/vagrant/pine64_linux/modules/lib/modules/6.1.47/kernel/drivers/usb/gadget/function/u_serial.ko
  INSTALL /home/vagrant/pine64_linux/modules/lib/modules/6.1.47/kernel/drivers/usb/gadget/function/usb_f_acm.ko
  INSTALL /home/vagrant/pine64_linux/modules/lib/modules/6.1.47/kernel/drivers/usb/gadget/function/usb_f_ecm.ko
  INSTALL /home/vagrant/pine64_linux/modules/lib/modules/6.1.47/kernel/drivers/usb/gadget/function/usb_f_ecm_subset.ko
  INSTALL /home/vagrant/pine64_linux/modules/lib/modules/6.1.47/kernel/drivers/usb/gadget/function/usb_f_eem.ko
  INSTALL /home/vagrant/pine64_linux/modules/lib/modules/6.1.47/kernel/drivers/usb/gadget/function/usb_f_fs.ko
  INSTALL /home/vagrant/pine64_linux/modules/lib/modules/6.1.47/kernel/drivers/usb/gadget/function/usb_f_mass_storage.ko
  INSTALL /home/vagrant/pine64_linux/modules/lib/modules/6.1.47/kernel/drivers/usb/gadget/function/usb_f_ncm.ko
  INSTALL /home/vagrant/pine64_linux/modules/lib/modules/6.1.47/kernel/drivers/usb/gadget/function/usb_f_obex.ko
  INSTALL /home/vagrant/pine64_linux/modules/lib/modules/6.1.47/kernel/drivers/usb/gadget/function/usb_f_rndis.ko
  INSTALL /home/vagrant/pine64_linux/modules/lib/modules/6.1.47/kernel/drivers/usb/gadget/function/usb_f_serial.ko
  INSTALL /home/vagrant/pine64_linux/modules/lib/modules/6.1.47/kernel/drivers/usb/gadget/libcomposite.ko
  INSTALL /home/vagrant/pine64_linux/modules/lib/modules/6.1.47/kernel/drivers/usb/host/xhci-pci-renesas.ko
  INSTALL /home/vagrant/pine64_linux/modules/lib/modules/6.1.47/kernel/drivers/usb/host/xhci-pci.ko
  INSTALL /home/vagrant/pine64_linux/modules/lib/modules/6.1.47/kernel/drivers/usb/serial/cp210x.ko
  INSTALL /home/vagrant/pine64_linux/modules/lib/modules/6.1.47/kernel/drivers/usb/serial/ftdi_sio.ko
  INSTALL /home/vagrant/pine64_linux/modules/lib/modules/6.1.47/kernel/drivers/usb/serial/option.ko
  INSTALL /home/vagrant/pine64_linux/modules/lib/modules/6.1.47/kernel/drivers/usb/serial/usb_wwan.ko
  INSTALL /home/vagrant/pine64_linux/modules/lib/modules/6.1.47/kernel/drivers/usb/serial/usbserial.ko
  INSTALL /home/vagrant/pine64_linux/modules/lib/modules/6.1.47/kernel/drivers/usb/typec/hd3ss3220.ko
  INSTALL /home/vagrant/pine64_linux/modules/lib/modules/6.1.47/kernel/drivers/usb/typec/tcpm/fusb302.ko
  INSTALL /home/vagrant/pine64_linux/modules/lib/modules/6.1.47/kernel/drivers/usb/typec/tcpm/tcpci.ko
  INSTALL /home/vagrant/pine64_linux/modules/lib/modules/6.1.47/kernel/drivers/usb/typec/tcpm/tcpm.ko
  INSTALL /home/vagrant/pine64_linux/modules/lib/modules/6.1.47/kernel/drivers/usb/typec/tipd/tps6598x.ko
  INSTALL /home/vagrant/pine64_linux/modules/lib/modules/6.1.47/kernel/drivers/usb/typec/typec.ko
  INSTALL /home/vagrant/pine64_linux/modules/lib/modules/6.1.47/kernel/drivers/video/backlight/lp855x_bl.ko
  INSTALL /home/vagrant/pine64_linux/modules/lib/modules/6.1.47/kernel/drivers/video/backlight/pwm_bl.ko
  INSTALL /home/vagrant/pine64_linux/modules/lib/modules/6.1.47/kernel/drivers/video/fbdev/core/cfbcopyarea.ko
  INSTALL /home/vagrant/pine64_linux/modules/lib/modules/6.1.47/kernel/drivers/video/fbdev/core/cfbfillrect.ko
  INSTALL /home/vagrant/pine64_linux/modules/lib/modules/6.1.47/kernel/drivers/video/fbdev/core/cfbimgblt.ko
  INSTALL /home/vagrant/pine64_linux/modules/lib/modules/6.1.47/kernel/drivers/watchdog/sunxi_wdt.ko
  INSTALL /home/vagrant/pine64_linux/modules/lib/modules/6.1.47/kernel/drivers/xen/xen-pciback/xen-pciback.ko
  INSTALL /home/vagrant/pine64_linux/modules/lib/modules/6.1.47/kernel/fs/btrfs/btrfs.ko
  INSTALL /home/vagrant/pine64_linux/modules/lib/modules/6.1.47/kernel/fs/fuse/cuse.ko
  INSTALL /home/vagrant/pine64_linux/modules/lib/modules/6.1.47/kernel/fs/fuse/fuse.ko
  INSTALL /home/vagrant/pine64_linux/modules/lib/modules/6.1.47/kernel/fs/nfs/blocklayout/blocklayoutdriver.ko
  INSTALL /home/vagrant/pine64_linux/modules/lib/modules/6.1.47/kernel/fs/overlayfs/overlay.ko
  INSTALL /home/vagrant/pine64_linux/modules/lib/modules/6.1.47/kernel/lib/crc-ccitt.ko
  INSTALL /home/vagrant/pine64_linux/modules/lib/modules/6.1.47/kernel/lib/crypto/libchacha.ko
  INSTALL /home/vagrant/pine64_linux/modules/lib/modules/6.1.47/kernel/lib/crypto/libcurve25519-generic.ko
  INSTALL /home/vagrant/pine64_linux/modules/lib/modules/6.1.47/kernel/lib/crypto/libdes.ko
  INSTALL /home/vagrant/pine64_linux/modules/lib/modules/6.1.47/kernel/lib/crypto/libsha256.ko
  INSTALL /home/vagrant/pine64_linux/modules/lib/modules/6.1.47/kernel/lib/libcrc32c.ko
  INSTALL /home/vagrant/pine64_linux/modules/lib/modules/6.1.47/kernel/lib/raid6/raid6_pq.ko
  INSTALL /home/vagrant/pine64_linux/modules/lib/modules/6.1.47/kernel/lib/zstd/zstd_compress.ko
  INSTALL /home/vagrant/pine64_linux/modules/lib/modules/6.1.47/kernel/net/802/garp.ko
  INSTALL /home/vagrant/pine64_linux/modules/lib/modules/6.1.47/kernel/net/802/mrp.ko
  INSTALL /home/vagrant/pine64_linux/modules/lib/modules/6.1.47/kernel/net/802/p8022.ko
  INSTALL /home/vagrant/pine64_linux/modules/lib/modules/6.1.47/kernel/net/802/psnap.ko
  INSTALL /home/vagrant/pine64_linux/modules/lib/modules/6.1.47/kernel/net/802/stp.ko
  INSTALL /home/vagrant/pine64_linux/modules/lib/modules/6.1.47/kernel/net/8021q/8021q.ko
  INSTALL /home/vagrant/pine64_linux/modules/lib/modules/6.1.47/kernel/net/bridge/br_netfilter.ko
  INSTALL /home/vagrant/pine64_linux/modules/lib/modules/6.1.47/kernel/net/bridge/bridge.ko
  INSTALL /home/vagrant/pine64_linux/modules/lib/modules/6.1.47/kernel/net/can/can-bcm.ko
  INSTALL /home/vagrant/pine64_linux/modules/lib/modules/6.1.47/kernel/net/can/can-gw.ko
  INSTALL /home/vagrant/pine64_linux/modules/lib/modules/6.1.47/kernel/net/can/can-raw.ko
  INSTALL /home/vagrant/pine64_linux/modules/lib/modules/6.1.47/kernel/net/dsa/dsa_core.ko
  INSTALL /home/vagrant/pine64_linux/modules/lib/modules/6.1.47/kernel/net/dsa/tag_brcm.ko
  INSTALL /home/vagrant/pine64_linux/modules/lib/modules/6.1.47/kernel/net/dsa/tag_ocelot.ko
  INSTALL /home/vagrant/pine64_linux/modules/lib/modules/6.1.47/kernel/net/dsa/tag_ocelot_8021q.ko
  INSTALL /home/vagrant/pine64_linux/modules/lib/modules/6.1.47/kernel/net/ipv4/ip_tunnel.ko
  INSTALL /home/vagrant/pine64_linux/modules/lib/modules/6.1.47/kernel/net/ipv4/netfilter/ip_tables.ko
  INSTALL /home/vagrant/pine64_linux/modules/lib/modules/6.1.47/kernel/net/ipv4/netfilter/ipt_REJECT.ko
  INSTALL /home/vagrant/pine64_linux/modules/lib/modules/6.1.47/kernel/net/ipv4/netfilter/iptable_filter.ko
  INSTALL /home/vagrant/pine64_linux/modules/lib/modules/6.1.47/kernel/net/ipv4/netfilter/iptable_mangle.ko
  INSTALL /home/vagrant/pine64_linux/modules/lib/modules/6.1.47/kernel/net/ipv4/netfilter/iptable_nat.ko
  INSTALL /home/vagrant/pine64_linux/modules/lib/modules/6.1.47/kernel/net/ipv4/netfilter/nf_defrag_ipv4.ko
  INSTALL /home/vagrant/pine64_linux/modules/lib/modules/6.1.47/kernel/net/ipv4/netfilter/nf_reject_ipv4.ko
  INSTALL /home/vagrant/pine64_linux/modules/lib/modules/6.1.47/kernel/net/ipv4/tunnel4.ko
  INSTALL /home/vagrant/pine64_linux/modules/lib/modules/6.1.47/kernel/net/ipv6/ipv6.ko
  INSTALL /home/vagrant/pine64_linux/modules/lib/modules/6.1.47/kernel/net/ipv6/netfilter/ip6_tables.ko
  INSTALL /home/vagrant/pine64_linux/modules/lib/modules/6.1.47/kernel/net/ipv6/netfilter/ip6t_REJECT.ko
  INSTALL /home/vagrant/pine64_linux/modules/lib/modules/6.1.47/kernel/net/ipv6/netfilter/ip6table_filter.ko
  INSTALL /home/vagrant/pine64_linux/modules/lib/modules/6.1.47/kernel/net/ipv6/netfilter/ip6table_mangle.ko
  INSTALL /home/vagrant/pine64_linux/modules/lib/modules/6.1.47/kernel/net/ipv6/netfilter/ip6table_nat.ko
  INSTALL /home/vagrant/pine64_linux/modules/lib/modules/6.1.47/kernel/net/ipv6/netfilter/nf_defrag_ipv6.ko
  INSTALL /home/vagrant/pine64_linux/modules/lib/modules/6.1.47/kernel/net/ipv6/netfilter/nf_reject_ipv6.ko
  INSTALL /home/vagrant/pine64_linux/modules/lib/modules/6.1.47/kernel/net/ipv6/sit.ko
  INSTALL /home/vagrant/pine64_linux/modules/lib/modules/6.1.47/kernel/net/llc/llc.ko
  INSTALL /home/vagrant/pine64_linux/modules/lib/modules/6.1.47/kernel/net/netfilter/ipvs/ip_vs.ko
  INSTALL /home/vagrant/pine64_linux/modules/lib/modules/6.1.47/kernel/net/netfilter/nf_conntrack.ko
  INSTALL /home/vagrant/pine64_linux/modules/lib/modules/6.1.47/kernel/net/netfilter/nf_log_syslog.ko
  INSTALL /home/vagrant/pine64_linux/modules/lib/modules/6.1.47/kernel/net/netfilter/nf_nat.ko
  INSTALL /home/vagrant/pine64_linux/modules/lib/modules/6.1.47/kernel/net/netfilter/x_tables.ko
  INSTALL /home/vagrant/pine64_linux/modules/lib/modules/6.1.47/kernel/net/netfilter/xt_CHECKSUM.ko
  INSTALL /home/vagrant/pine64_linux/modules/lib/modules/6.1.47/kernel/net/netfilter/xt_LOG.ko
  INSTALL /home/vagrant/pine64_linux/modules/lib/modules/6.1.47/kernel/net/netfilter/xt_MASQUERADE.ko
  INSTALL /home/vagrant/pine64_linux/modules/lib/modules/6.1.47/kernel/net/netfilter/xt_addrtype.ko
  INSTALL /home/vagrant/pine64_linux/modules/lib/modules/6.1.47/kernel/net/netfilter/xt_conntrack.ko
  INSTALL /home/vagrant/pine64_linux/modules/lib/modules/6.1.47/kernel/net/netfilter/xt_ipvs.ko
  INSTALL /home/vagrant/pine64_linux/modules/lib/modules/6.1.47/kernel/net/netfilter/xt_mark.ko
  INSTALL /home/vagrant/pine64_linux/modules/lib/modules/6.1.47/kernel/net/netfilter/xt_nat.ko
  INSTALL /home/vagrant/pine64_linux/modules/lib/modules/6.1.47/kernel/net/netfilter/xt_tcpudp.ko
  INSTALL /home/vagrant/pine64_linux/modules/lib/modules/6.1.47/kernel/net/nfc/nci/nci.ko
  INSTALL /home/vagrant/pine64_linux/modules/lib/modules/6.1.47/kernel/net/nfc/nfc.ko
  INSTALL /home/vagrant/pine64_linux/modules/lib/modules/6.1.47/kernel/net/qrtr/qrtr-mhi.ko
  INSTALL /home/vagrant/pine64_linux/modules/lib/modules/6.1.47/kernel/net/qrtr/qrtr-smd.ko
  INSTALL /home/vagrant/pine64_linux/modules/lib/modules/6.1.47/kernel/net/qrtr/qrtr-tun.ko
  INSTALL /home/vagrant/pine64_linux/modules/lib/modules/6.1.47/kernel/net/qrtr/qrtr.ko
  INSTALL /home/vagrant/pine64_linux/modules/lib/modules/6.1.47/kernel/net/sched/act_gact.ko
  INSTALL /home/vagrant/pine64_linux/modules/lib/modules/6.1.47/kernel/net/sched/act_gate.ko
  INSTALL /home/vagrant/pine64_linux/modules/lib/modules/6.1.47/kernel/net/sched/act_mirred.ko
  INSTALL /home/vagrant/pine64_linux/modules/lib/modules/6.1.47/kernel/net/sched/cls_basic.ko
  INSTALL /home/vagrant/pine64_linux/modules/lib/modules/6.1.47/kernel/net/sched/cls_flower.ko
  INSTALL /home/vagrant/pine64_linux/modules/lib/modules/6.1.47/kernel/net/sched/sch_cbs.ko
  INSTALL /home/vagrant/pine64_linux/modules/lib/modules/6.1.47/kernel/net/sched/sch_etf.ko
  INSTALL /home/vagrant/pine64_linux/modules/lib/modules/6.1.47/kernel/net/sched/sch_ingress.ko
  INSTALL /home/vagrant/pine64_linux/modules/lib/modules/6.1.47/kernel/net/sched/sch_mqprio.ko
  INSTALL /home/vagrant/pine64_linux/modules/lib/modules/6.1.47/kernel/net/sched/sch_taprio.ko
  INSTALL /home/vagrant/pine64_linux/modules/lib/modules/6.1.47/kernel/sound/soc/codecs/snd-soc-adau7002.ko
  INSTALL /home/vagrant/pine64_linux/modules/lib/modules/6.1.47/kernel/sound/soc/codecs/snd-soc-ak4613.ko
  INSTALL /home/vagrant/pine64_linux/modules/lib/modules/6.1.47/kernel/sound/soc/codecs/snd-soc-cros-ec-codec.ko
  INSTALL /home/vagrant/pine64_linux/modules/lib/modules/6.1.47/kernel/sound/soc/codecs/snd-soc-dmic.ko
  INSTALL /home/vagrant/pine64_linux/modules/lib/modules/6.1.47/kernel/sound/soc/codecs/snd-soc-es7134.ko
  INSTALL /home/vagrant/pine64_linux/modules/lib/modules/6.1.47/kernel/sound/soc/codecs/snd-soc-es7241.ko
  INSTALL /home/vagrant/pine64_linux/modules/lib/modules/6.1.47/kernel/sound/soc/codecs/snd-soc-gtm601.ko
  INSTALL /home/vagrant/pine64_linux/modules/lib/modules/6.1.47/kernel/sound/soc/codecs/snd-soc-hdmi-codec.ko
  INSTALL /home/vagrant/pine64_linux/modules/lib/modules/6.1.47/kernel/sound/soc/codecs/snd-soc-lpass-macro-common.ko
  INSTALL /home/vagrant/pine64_linux/modules/lib/modules/6.1.47/kernel/sound/soc/codecs/snd-soc-lpass-rx-macro.ko
  INSTALL /home/vagrant/pine64_linux/modules/lib/modules/6.1.47/kernel/sound/soc/codecs/snd-soc-lpass-tx-macro.ko
  INSTALL /home/vagrant/pine64_linux/modules/lib/modules/6.1.47/kernel/sound/soc/codecs/snd-soc-lpass-va-macro.ko
  INSTALL /home/vagrant/pine64_linux/modules/lib/modules/6.1.47/kernel/sound/soc/codecs/snd-soc-lpass-wsa-macro.ko
  INSTALL /home/vagrant/pine64_linux/modules/lib/modules/6.1.47/kernel/sound/soc/codecs/snd-soc-max98357a.ko
  INSTALL /home/vagrant/pine64_linux/modules/lib/modules/6.1.47/kernel/sound/soc/codecs/snd-soc-max98927.ko
  INSTALL /home/vagrant/pine64_linux/modules/lib/modules/6.1.47/kernel/sound/soc/codecs/snd-soc-msm8916-analog.ko
  INSTALL /home/vagrant/pine64_linux/modules/lib/modules/6.1.47/kernel/sound/soc/codecs/snd-soc-msm8916-digital.ko
  INSTALL /home/vagrant/pine64_linux/modules/lib/modules/6.1.47/kernel/sound/soc/codecs/snd-soc-nau8822.ko
  INSTALL /home/vagrant/pine64_linux/modules/lib/modules/6.1.47/kernel/sound/soc/codecs/snd-soc-pcm3168a-i2c.ko
  INSTALL /home/vagrant/pine64_linux/modules/lib/modules/6.1.47/kernel/sound/soc/codecs/snd-soc-pcm3168a.ko
  INSTALL /home/vagrant/pine64_linux/modules/lib/modules/6.1.47/kernel/sound/soc/codecs/snd-soc-rl6231.ko
  INSTALL /home/vagrant/pine64_linux/modules/lib/modules/6.1.47/kernel/sound/soc/codecs/snd-soc-rt5659.ko
  INSTALL /home/vagrant/pine64_linux/modules/lib/modules/6.1.47/kernel/sound/soc/codecs/snd-soc-sgtl5000.ko
  INSTALL /home/vagrant/pine64_linux/modules/lib/modules/6.1.47/kernel/sound/soc/codecs/snd-soc-simple-amplifier.ko
  INSTALL /home/vagrant/pine64_linux/modules/lib/modules/6.1.47/kernel/sound/soc/codecs/snd-soc-simple-mux.ko
  INSTALL /home/vagrant/pine64_linux/modules/lib/modules/6.1.47/kernel/sound/soc/codecs/snd-soc-spdif-rx.ko
  INSTALL /home/vagrant/pine64_linux/modules/lib/modules/6.1.47/kernel/sound/soc/codecs/snd-soc-spdif-tx.ko
  INSTALL /home/vagrant/pine64_linux/modules/lib/modules/6.1.47/kernel/sound/soc/codecs/snd-soc-tas571x.ko
  INSTALL /home/vagrant/pine64_linux/modules/lib/modules/6.1.47/kernel/sound/soc/codecs/snd-soc-tlv320aic31xx.ko
  INSTALL /home/vagrant/pine64_linux/modules/lib/modules/6.1.47/kernel/sound/soc/codecs/snd-soc-tlv320aic32x4-i2c.ko
  INSTALL /home/vagrant/pine64_linux/modules/lib/modules/6.1.47/kernel/sound/soc/codecs/snd-soc-tlv320aic32x4.ko
  INSTALL /home/vagrant/pine64_linux/modules/lib/modules/6.1.47/kernel/sound/soc/codecs/snd-soc-wcd-mbhc.ko
  INSTALL /home/vagrant/pine64_linux/modules/lib/modules/6.1.47/kernel/sound/soc/codecs/snd-soc-wcd9335.ko
  INSTALL /home/vagrant/pine64_linux/modules/lib/modules/6.1.47/kernel/sound/soc/codecs/snd-soc-wcd934x.ko
  INSTALL /home/vagrant/pine64_linux/modules/lib/modules/6.1.47/kernel/sound/soc/codecs/snd-soc-wcd938x-sdw.ko
  INSTALL /home/vagrant/pine64_linux/modules/lib/modules/6.1.47/kernel/sound/soc/codecs/snd-soc-wcd938x.ko
  INSTALL /home/vagrant/pine64_linux/modules/lib/modules/6.1.47/kernel/sound/soc/codecs/snd-soc-wm8524.ko
  INSTALL /home/vagrant/pine64_linux/modules/lib/modules/6.1.47/kernel/sound/soc/codecs/snd-soc-wm8904.ko
  INSTALL /home/vagrant/pine64_linux/modules/lib/modules/6.1.47/kernel/sound/soc/codecs/snd-soc-wm8960.ko
  INSTALL /home/vagrant/pine64_linux/modules/lib/modules/6.1.47/kernel/sound/soc/codecs/snd-soc-wm8962.ko
  INSTALL /home/vagrant/pine64_linux/modules/lib/modules/6.1.47/kernel/sound/soc/codecs/snd-soc-wm8978.ko
  INSTALL /home/vagrant/pine64_linux/modules/lib/modules/6.1.47/kernel/sound/soc/codecs/snd-soc-wsa881x.ko
  INSTALL /home/vagrant/pine64_linux/modules/lib/modules/6.1.47/kernel/sound/soc/fsl/snd-soc-fsl-asrc.ko
  INSTALL /home/vagrant/pine64_linux/modules/lib/modules/6.1.47/kernel/sound/soc/fsl/snd-soc-fsl-audmix.ko
  INSTALL /home/vagrant/pine64_linux/modules/lib/modules/6.1.47/kernel/sound/soc/fsl/snd-soc-fsl-easrc.ko
  INSTALL /home/vagrant/pine64_linux/modules/lib/modules/6.1.47/kernel/sound/soc/fsl/snd-soc-fsl-esai.ko
  INSTALL /home/vagrant/pine64_linux/modules/lib/modules/6.1.47/kernel/sound/soc/fsl/snd-soc-fsl-micfil.ko
  INSTALL /home/vagrant/pine64_linux/modules/lib/modules/6.1.47/kernel/sound/soc/fsl/snd-soc-fsl-sai.ko
  INSTALL /home/vagrant/pine64_linux/modules/lib/modules/6.1.47/kernel/sound/soc/fsl/snd-soc-fsl-spdif.ko
  INSTALL /home/vagrant/pine64_linux/modules/lib/modules/6.1.47/kernel/sound/soc/fsl/snd-soc-fsl-ssi.ko
  INSTALL /home/vagrant/pine64_linux/modules/lib/modules/6.1.47/kernel/sound/soc/fsl/snd-soc-fsl-utils.ko
  INSTALL /home/vagrant/pine64_linux/modules/lib/modules/6.1.47/kernel/sound/soc/fsl/snd-soc-imx-audmux.ko
  INSTALL /home/vagrant/pine64_linux/modules/lib/modules/6.1.47/kernel/sound/soc/generic/snd-soc-audio-graph-card.ko
  INSTALL /home/vagrant/pine64_linux/modules/lib/modules/6.1.47/kernel/sound/soc/generic/snd-soc-audio-graph-card2.ko
  INSTALL /home/vagrant/pine64_linux/modules/lib/modules/6.1.47/kernel/sound/soc/generic/snd-soc-simple-card-utils.ko
  INSTALL /home/vagrant/pine64_linux/modules/lib/modules/6.1.47/kernel/sound/soc/generic/snd-soc-simple-card.ko
  INSTALL /home/vagrant/pine64_linux/modules/lib/modules/6.1.47/kernel/sound/soc/sunxi/sun4i-i2s.ko
  INSTALL /home/vagrant/pine64_linux/modules/lib/modules/6.1.47/kernel/sound/soc/sunxi/sun4i-spdif.ko
  INSTALL /home/vagrant/pine64_linux/modules/lib/modules/6.1.47/kernel/sound/soc/sunxi/sun50i-codec-analog.ko
  INSTALL /home/vagrant/pine64_linux/modules/lib/modules/6.1.47/kernel/sound/soc/sunxi/sun8i-adda-pr-regmap.ko
  INSTALL /home/vagrant/pine64_linux/modules/lib/modules/6.1.47/kernel/sound/soc/sunxi/sun8i-codec-analog.ko
  INSTALL /home/vagrant/pine64_linux/modules/lib/modules/6.1.47/kernel/sound/soc/sunxi/sun8i-codec.ko
  DEPMOD  /home/vagrant/pine64_linux/modules/lib/modules/6.1.47

